::1 - GET / HTTP/1.1 404 139 - 5.317 ms
::1 - GET /AggiuntaProgetto HTTP/1.1 500 2041 - 3.876 ms
::1 - GET /AggiuntaProgetto HTTP/1.1 200 1052 - 270.404 ms
::1 - GET /favicon.ico HTTP/1.1 404 150 - 2.331 ms
::1 - GET /AggiuntaProgetto HTTP/1.1 200 1084 - 21.432 ms
::1 - GET /AggiuntaProgetto HTTP/1.1 200 1127 - 20.241 ms
::1 - GET /progetto.css HTTP/1.1 404 151 - 0.739 ms
::1 - GET /AggiuntaProgetto HTTP/1.1 304 - - 16.966 ms
::1 - GET /progetto.css HTTP/1.1 404 151 - 0.302 ms
::1 - GET /AggiuntaProgetto HTTP/1.1 304 - - 15.220 ms
::1 - GET /progetto.css HTTP/1.1 404 151 - 0.475 ms
::1 - GET /AggiuntaProgetto HTTP/1.1 304 - - 13.370 ms
::1 - GET /progetto.css HTTP/1.1 404 151 - 0.292 ms
::1 - GET /AggiuntaProgetto HTTP/1.1 304 - - 12.029 ms
::1 - GET /progetto.css HTTP/1.1 404 151 - 0.305 ms
::1 - GET /AggiuntaProgetto HTTP/1.1 304 - - 225.989 ms
::1 - GET /progetto.css HTTP/1.1 404 151 - 1.883 ms
::1 - GET /AggiuntaProgetto HTTP/1.1 500 1973 - 15.360 ms
::1 - GET /AggiuntaProgetto HTTP/1.1 200 1127 - 23.163 ms
::1 - GET /progetto.css HTTP/1.1 404 151 - 0.546 ms
::1 - GET /AggiuntaProgetto HTTP/1.1 200 1139 - 18.595 ms
::1 - GET /progetto.css HTTP/1.1 404 151 - 0.389 ms
::1 - GET /AggiuntaProgetto HTTP/1.1 304 - - 15.518 ms
::1 - GET /progetto.css HTTP/1.1 404 151 - 0.576 ms
::1 - GET /AggiuntaProgetto HTTP/1.1 304 - - 13.525 ms
::1 - GET /progetto.css HTTP/1.1 404 151 - 0.358 ms
::1 - GET /AggiuntaProgetto HTTP/1.1 304 - - 231.278 ms
::1 - GET /progetto.css HTTP/1.1 404 151 - 2.960 ms
::1 - GET /AggiuntaProgetto HTTP/1.1 304 - - 19.406 ms
::1 - GET /progetto.css HTTP/1.1 404 151 - 0.735 ms
::1 - GET /AggiuntaProgetto HTTP/1.1 304 - - 15.705 ms
::1 - GET /progetto.css HTTP/1.1 404 151 - 0.638 ms
::1 - GET /AggiuntaProgetto HTTP/1.1 304 - - 21.528 ms
::1 - GET /progetto.css HTTP/1.1 404 151 - 0.265 ms
::1 - GET /AggiuntaProgetto HTTP/1.1 200 1096 - 17.031 ms
::1 - GET /AggiuntaProgetto HTTP/1.1 304 - - 16.770 ms
::1 - POST /submit HTTP/1.1 404 146 - 16.310 ms
::1 - POST /submit HTTP/1.1 404 146 - 0.979 ms
::1 - POST /submit HTTP/1.1 404 146 - 0.817 ms
::1 - POST /submit HTTP/1.1 404 146 - 14.688 ms
::1 - GET /AggiuntaProgetto HTTP/1.1 200 1106 - 221.871 ms
::1 - POST /AggiuntaProgetto HTTP/1.1 - - - - ms
::1 - POST /AggiuntaProgetto HTTP/1.1 - - - - ms
::1 - POST /AggiuntaProgetto HTTP/1.1 - - - - ms
::1 - POST /AggiuntaProgetto HTTP/1.1 - - - - ms
::ffff:127.0.0.1 - POST /AggiuntaProgetto HTTP/1.1 - - - - ms
::ffff:127.0.0.1 - GET / HTTP/1.1 404 139 - 1.994 ms
::ffff:127.0.0.1 - GET /aggiuntaprogetto HTTP/1.1 200 1106 - 238.560 ms
::1 - GET /aggiuntaprogetto HTTP/1.1 304 - - 234.772 ms
::1 - POST /AggiuntaProgetto HTTP/1.1 - - - - ms
::1 - GET /AggiuntaProgetto HTTP/1.1 200 1094 - 226.460 ms
::1 - GET /AggiuntaProgetto HTTP/1.1 304 - - 222.304 ms
::1 - GET /AggiuntaProgetto HTTP/1.1 304 - - 17.919 ms
::1 - POST /AggiuntaProgetto HTTP/1.1 - - - - ms
::ffff:127.0.0.1 - GET / HTTP/1.1 404 139 - 2.019 ms
::1 - GET / HTTP/1.1 404 139 - 4.501 ms
::1 - GET /aggiuntaprogetto HTTP/1.1 200 1092 - 232.448 ms
::1 - POST /AggiuntaProgetto HTTP/1.1 - - - - ms
::1 - POST /AggiuntaProgetto HTTP/1.1 - - - - ms
::ffff:127.0.0.1 - GET / HTTP/1.1 404 139 - 1.674 ms
::1 - GET /AggiuntaProgetto HTTP/1.1 200 1092 - 231.819 ms
::ffff:127.0.0.1 - GET / HTTP/1.1 404 139 - 4.154 ms
::ffff:127.0.0.1 - GET /aggiuntaprogetto HTTP/1.1 304 - - 242.867 ms
::ffff:127.0.0.1 - POST /AggiuntaProgetto HTTP/1.1 - - - - ms
::ffff:127.0.0.1 - GET / HTTP/1.1 404 139 - 2.247 ms
::1 - GET /aggiuntaprogetto HTTP/1.1 304 - - 224.623 ms
::1 - POST /AggiuntaProgetto HTTP/1.1 - - - - ms
::1 - GET /aggiuntaprogetto HTTP/1.1 304 - - 249.634 ms
::1 - POST /AggiuntaProgetto HTTP/1.1 500 55 - 135.583 ms
::1 - POST /AggiuntaProgetto HTTP/1.1 500 55 - 106.045 ms
::1 - POST /AggiuntaProgetto HTTP/1.1 500 55 - 62.153 ms
::1 - GET /aggiuntaprogetto HTTP/1.1 200 1034 - 232.689 ms
::1 - POST /aggiungi HTTP/1.1 404 148 - 15.263 ms
::1 - POST /aggiungi HTTP/1.1 404 148 - 1.812 ms
::1 - POST /aggiungi HTTP/1.1 404 148 - 0.826 ms
::1 - POST /aggiungi HTTP/1.1 404 148 - 1.026 ms
::1 - GET /aggiuntaprogetto HTTP/1.1 200 1038 - 20.648 ms
::1 - GET /aggiuntaprogetto HTTP/1.1 304 - - 237.794 ms
::1 - POST /AggiuntaDati HTTP/1.1 404 152 - 14.812 ms
::1 - GET /aggiuntaprogetto HTTP/1.1 200 1042 - 249.917 ms
::1 - POST /AggiuntaProgetto HTTP/1.1 500 55 - 96.058 ms
::1 - GET /aggiuntaprogetto HTTP/1.1 200 1092 - 242.382 ms
::1 - POST /AggiuntaProgetto HTTP/1.1 404 156 - 15.149 ms
::1 - POST /AggiuntaProgetto HTTP/1.1 404 156 - 1.035 ms
::1 - GET /aggiuntaprogetto HTTP/1.1 304 - - 244.790 ms
::1 - POST /AggiuntaProgetto HTTP/1.1 500 55 - 132.759 ms
::1 - GET /aggiuntaprogetto HTTP/1.1 200 1104 - 22.660 ms
::1 - POST /AggiuntaProgetto HTTP/1.1 404 156 - 17.245 ms
::1 - POST /AggiuntaProgetto HTTP/1.1 500 67 - 133.566 ms
::1 - GET /aggiuntaprogetto HTTP/1.1 304 - - 243.833 ms
::1 - POST /AggiuntaProgetto HTTP/1.1 500 67 - 101.891 ms
::1 - POST /AggiuntaProgetto HTTP/1.1 500 67 - 100.753 ms
::1 - GET /aggiuntaprogetto HTTP/1.1 304 - - 253.544 ms
::1 - GET /aggiuntaprogetto HTTP/1.1 304 - - 235.013 ms
::1 - POST /AggiuntaProgetto HTTP/1.1 500 67 - 96.871 ms
::1 - GET /aggiuntaprogetto HTTP/1.1 304 - - 236.339 ms
::1 - GET / HTTP/1.1 404 139 - 5.770 ms
::1 - GET /index.html HTTP/1.1 404 149 - 1.546 ms
::1 - GET / HTTP/1.1 200 331 - 255.396 ms
::1 - POST /richiediDati HTTP/1.1 404 152 - 15.099 ms
::1 - GET / HTTP/1.1 200 332 - 233.409 ms
::1 - POST /VistaProgetti HTTP/1.1 404 153 - 14.045 ms
::1 - GET / HTTP/1.1 200 331 - 223.607 ms
::1 - GET /VistaProgetti? HTTP/1.1 200 247 - 20.943 ms
::1 - GET / HTTP/1.1 304 - - 235.386 ms
::1 - GET /VistaProgetti? HTTP/1.1 304 - - 19.017 ms
::1 - GET /VistaProgetti HTTP/1.1 200 247 - 259.922 ms
::1 - GET /EliminazioneProgetto/2 HTTP/1.1 404 161 - 2.601 ms
::1 - GET /EliminazioneProgetto HTTP/1.1 200 420 - 15.195 ms
::1 - POST /EliminazioneProgetto HTTP/1.1 500 1815 - 16.102 ms
::1 - GET /EliminazioneProgetto HTTP/1.1 200 420 - 221.135 ms
::1 - POST /EliminazioneProgetto HTTP/1.1 500 1815 - 16.386 ms
::1 - GET /EliminazioneProgetto HTTP/1.1 304 - - 231.528 ms
::1 - POST /EliminazioneProgetto HTTP/1.1 - - - - ms
::1 - POST /EliminazioneProgetto HTTP/1.1 - - - - ms
